2024-06-13 00:26:32,195 - -----Starting Log-----
2024-06-13 00:26:33,225 - Sort Method: mpnn_10000.pkl, Array Size: 16, Number of Tests: 10000, CPU Usage: 50.5%, Memory Usage: 24.4%, GPU Usage: 0.0%
2024-06-13 00:26:35,254 - Sort Method: mpnn_10000.pkl, Array Size: 16, Number of Tests: 10000, CPU Usage: 4.8%, Memory Usage: 25.0%, GPU Usage: 88.0%
2024-06-13 00:26:37,281 - Sort Method: mpnn_10000.pkl, Array Size: 16, Number of Tests: 10000, CPU Usage: 2.1%, Memory Usage: 25.0%, GPU Usage: 89.0%
2024-06-13 00:26:39,311 - Sort Method: mpnn_10000.pkl, Array Size: 16, Number of Tests: 10000, CPU Usage: 2.2%, Memory Usage: 25.0%, GPU Usage: 89.0%
2024-06-13 00:26:41,342 - Sort Method: mpnn_10000.pkl, Array Size: 16, Number of Tests: 10000, CPU Usage: 5.2%, Memory Usage: 24.7%, GPU Usage: 89.0%
2024-06-13 00:26:43,369 - Sort Method: mpnn_10000.pkl, Array Size: 16, Number of Tests: 10000, CPU Usage: 2.0%, Memory Usage: 24.6%, GPU Usage: 89.0%
2024-06-13 00:26:45,397 - Sort Method: mpnn_10000.pkl, Array Size: 16, Number of Tests: 10000, CPU Usage: 2.2%, Memory Usage: 24.6%, GPU Usage: 90.0%
2024-06-13 00:26:47,425 - Sort Method: mpnn_10000.pkl, Array Size: 16, Number of Tests: 10000, CPU Usage: 2.5%, Memory Usage: 24.6%, GPU Usage: 90.0%
2024-06-13 00:26:49,452 - Sort Method: mpnn_10000.pkl, Array Size: 16, Number of Tests: 10000, CPU Usage: 2.5%, Memory Usage: 24.6%, GPU Usage: 89.0%
2024-06-13 00:26:51,481 - Sort Method: mpnn_10000.pkl, Array Size: 16, Number of Tests: 10000, CPU Usage: 2.3%, Memory Usage: 24.7%, GPU Usage: 90.0%
2024-06-13 00:26:53,509 - Sort Method: mpnn_10000.pkl, Array Size: 16, Number of Tests: 10000, CPU Usage: 2.0%, Memory Usage: 24.7%, GPU Usage: 90.0%
2024-06-13 00:26:55,536 - Sort Method: mpnn_10000.pkl, Array Size: 16, Number of Tests: 10000, CPU Usage: 2.4%, Memory Usage: 24.7%, GPU Usage: 90.0%
2024-06-13 00:26:57,565 - Sort Method: mpnn_10000.pkl, Array Size: 16, Number of Tests: 10000, CPU Usage: 2.9%, Memory Usage: 24.7%, GPU Usage: 89.0%
2024-06-13 00:26:59,593 - Sort Method: mpnn_10000.pkl, Array Size: 16, Number of Tests: 10000, CPU Usage: 2.2%, Memory Usage: 24.7%, GPU Usage: 89.0%
2024-06-13 00:27:01,621 - Sort Method: mpnn_10000.pkl, Array Size: 16, Number of Tests: 10000, CPU Usage: 2.2%, Memory Usage: 24.7%, GPU Usage: 89.0%
2024-06-13 00:27:03,650 - Sort Method: mpnn_10000.pkl, Array Size: 16, Number of Tests: 10000, CPU Usage: 2.1%, Memory Usage: 24.7%, GPU Usage: 90.0%
2024-06-13 00:27:05,678 - Sort Method: mpnn_10000.pkl, Array Size: 16, Number of Tests: 10000, CPU Usage: 1.8%, Memory Usage: 24.6%, GPU Usage: 90.0%
2024-06-13 00:27:07,704 - Sort Method: mpnn_10000.pkl, Array Size: 16, Number of Tests: 10000, CPU Usage: 2.4%, Memory Usage: 24.6%, GPU Usage: 89.0%
2024-06-13 00:27:09,734 - Sort Method: mpnn_10000.pkl, Array Size: 16, Number of Tests: 10000, CPU Usage: 2.0%, Memory Usage: 24.6%, GPU Usage: 89.0%
2024-06-13 00:27:11,765 - Sort Method: mpnn_10000.pkl, Array Size: 16, Number of Tests: 10000, CPU Usage: 3.2%, Memory Usage: 24.6%, GPU Usage: 87.0%
2024-06-13 00:27:13,795 - Sort Method: mpnn_10000.pkl, Array Size: 16, Number of Tests: 10000, CPU Usage: 1.9%, Memory Usage: 24.7%, GPU Usage: 90.0%
2024-06-13 00:27:15,826 - Sort Method: mpnn_10000.pkl, Array Size: 16, Number of Tests: 10000, CPU Usage: 2.4%, Memory Usage: 24.7%, GPU Usage: 89.0%
2024-06-13 00:27:17,857 - Sort Method: mpnn_10000.pkl, Array Size: 16, Number of Tests: 10000, CPU Usage: 2.2%, Memory Usage: 24.6%, GPU Usage: 90.0%
2024-06-13 00:27:19,885 - Sort Method: mpnn_10000.pkl, Array Size: 16, Number of Tests: 10000, CPU Usage: 2.1%, Memory Usage: 24.6%, GPU Usage: 89.0%
2024-06-13 00:27:21,915 - Sort Method: mpnn_10000.pkl, Array Size: 16, Number of Tests: 10000, CPU Usage: 2.2%, Memory Usage: 24.6%, GPU Usage: 89.0%
2024-06-13 00:27:23,941 - Sort Method: mpnn_10000.pkl, Array Size: 16, Number of Tests: 10000, CPU Usage: 2.6%, Memory Usage: 24.7%, GPU Usage: 89.0%
2024-06-13 00:27:25,971 - Sort Method: mpnn_10000.pkl, Array Size: 16, Number of Tests: 10000, CPU Usage: 2.6%, Memory Usage: 24.7%, GPU Usage: 89.0%
2024-06-13 00:27:27,997 - Sort Method: mpnn_10000.pkl, Array Size: 16, Number of Tests: 10000, CPU Usage: 2.4%, Memory Usage: 24.7%, GPU Usage: 90.0%
2024-06-13 00:27:30,025 - Sort Method: mpnn_10000.pkl, Array Size: 16, Number of Tests: 10000, CPU Usage: 2.1%, Memory Usage: 24.7%, GPU Usage: 89.0%
2024-06-13 00:27:32,053 - Sort Method: mpnn_10000.pkl, Array Size: 16, Number of Tests: 10000, CPU Usage: 2.2%, Memory Usage: 24.7%, GPU Usage: 88.0%
2024-06-13 00:27:34,081 - Sort Method: mpnn_10000.pkl, Array Size: 16, Number of Tests: 10000, CPU Usage: 1.9%, Memory Usage: 24.8%, GPU Usage: 90.0%
2024-06-13 00:27:36,111 - Sort Method: mpnn_10000.pkl, Array Size: 16, Number of Tests: 10000, CPU Usage: 3.3%, Memory Usage: 24.8%, GPU Usage: 91.0%
2024-06-13 00:27:38,139 - Sort Method: mpnn_10000.pkl, Array Size: 16, Number of Tests: 10000, CPU Usage: 2.9%, Memory Usage: 24.6%, GPU Usage: 89.0%
2024-06-13 00:27:40,169 - Sort Method: mpnn_10000.pkl, Array Size: 16, Number of Tests: 10000, CPU Usage: 2.3%, Memory Usage: 24.6%, GPU Usage: 90.0%
2024-06-13 00:27:42,198 - Sort Method: mpnn_10000.pkl, Array Size: 16, Number of Tests: 10000, CPU Usage: 2.1%, Memory Usage: 24.5%, GPU Usage: 90.0%
2024-06-13 00:27:44,226 - Sort Method: mpnn_10000.pkl, Array Size: 16, Number of Tests: 10000, CPU Usage: 1.8%, Memory Usage: 24.5%, GPU Usage: 91.0%
2024-06-13 00:27:46,254 - Sort Method: mpnn_10000.pkl, Array Size: 16, Number of Tests: 10000, CPU Usage: 1.9%, Memory Usage: 24.6%, GPU Usage: 91.0%
2024-06-13 00:27:48,281 - Sort Method: mpnn_10000.pkl, Array Size: 16, Number of Tests: 10000, CPU Usage: 2.1%, Memory Usage: 24.6%, GPU Usage: 90.0%
2024-06-13 00:27:50,310 - Sort Method: mpnn_10000.pkl, Array Size: 16, Number of Tests: 10000, CPU Usage: 2.5%, Memory Usage: 24.6%, GPU Usage: 90.0%
2024-06-13 00:27:52,337 - Sort Method: mpnn_10000.pkl, Array Size: 16, Number of Tests: 10000, CPU Usage: 2.0%, Memory Usage: 24.5%, GPU Usage: 91.0%
2024-06-13 00:27:54,365 - Sort Method: mpnn_10000.pkl, Array Size: 16, Number of Tests: 10000, CPU Usage: 2.2%, Memory Usage: 24.7%, GPU Usage: 90.0%
2024-06-13 00:27:56,394 - Sort Method: mpnn_10000.pkl, Array Size: 16, Number of Tests: 10000, CPU Usage: 2.3%, Memory Usage: 24.7%, GPU Usage: 90.0%
2024-06-13 00:27:58,424 - Sort Method: mpnn_10000.pkl, Array Size: 16, Number of Tests: 10000, CPU Usage: 4.9%, Memory Usage: 24.6%, GPU Usage: 88.0%
2024-06-13 00:28:00,454 - Sort Method: mpnn_10000.pkl, Array Size: 16, Number of Tests: 10000, CPU Usage: 2.6%, Memory Usage: 24.7%, GPU Usage: 90.0%
2024-06-13 00:28:02,481 - Sort Method: mpnn_10000.pkl, Array Size: 16, Number of Tests: 10000, CPU Usage: 2.7%, Memory Usage: 24.7%, GPU Usage: 90.0%
2024-06-13 00:28:04,510 - Sort Method: mpnn_10000.pkl, Array Size: 16, Number of Tests: 10000, CPU Usage: 2.3%, Memory Usage: 24.6%, GPU Usage: 89.0%
2024-06-13 00:28:06,536 - Sort Method: mpnn_10000.pkl, Array Size: 16, Number of Tests: 10000, CPU Usage: 2.4%, Memory Usage: 24.5%, GPU Usage: 89.0%
2024-06-13 00:28:08,566 - Sort Method: mpnn_10000.pkl, Array Size: 16, Number of Tests: 10000, CPU Usage: 3.1%, Memory Usage: 24.4%, GPU Usage: 89.0%
2024-06-13 00:28:10,593 - Sort Method: mpnn_10000.pkl, Array Size: 16, Number of Tests: 10000, CPU Usage: 2.3%, Memory Usage: 24.5%, GPU Usage: 90.0%
2024-06-13 00:28:12,623 - Sort Method: mpnn_10000.pkl, Array Size: 16, Number of Tests: 10000, CPU Usage: 2.1%, Memory Usage: 24.5%, GPU Usage: 89.0%
2024-06-13 00:28:14,649 - Sort Method: mpnn_10000.pkl, Array Size: 16, Number of Tests: 10000, CPU Usage: 3.9%, Memory Usage: 24.5%, GPU Usage: 90.0%
2024-06-13 00:28:16,677 - Sort Method: mpnn_10000.pkl, Array Size: 16, Number of Tests: 10000, CPU Usage: 2.4%, Memory Usage: 24.5%, GPU Usage: 90.0%
2024-06-13 00:28:18,786 - Sort Method: mpnn_10000.pkl, Array Size: 16, Number of Tests: 10000, CPU Usage: 2.1%, Memory Usage: 24.5%, GPU Usage: 89.0%
2024-06-13 00:28:20,814 - Sort Method: mpnn_10000.pkl, Array Size: 16, Number of Tests: 10000, CPU Usage: 3.5%, Memory Usage: 24.5%, GPU Usage: 87.0%
2024-06-13 00:28:22,842 - Sort Method: mpnn_10000.pkl, Array Size: 16, Number of Tests: 10000, CPU Usage: 2.2%, Memory Usage: 24.6%, GPU Usage: 90.0%
2024-06-13 00:28:24,869 - Sort Method: mpnn_10000.pkl, Array Size: 16, Number of Tests: 10000, CPU Usage: 2.4%, Memory Usage: 24.6%, GPU Usage: 89.0%
2024-06-13 00:28:26,898 - Sort Method: mpnn_10000.pkl, Array Size: 16, Number of Tests: 10000, CPU Usage: 2.1%, Memory Usage: 24.5%, GPU Usage: 89.0%
2024-06-13 00:28:28,926 - Sort Method: mpnn_10000.pkl, Array Size: 16, Number of Tests: 10000, CPU Usage: 1.9%, Memory Usage: 24.5%, GPU Usage: 89.0%
2024-06-13 00:28:30,954 - Sort Method: mpnn_10000.pkl, Array Size: 16, Number of Tests: 10000, CPU Usage: 2.3%, Memory Usage: 24.5%, GPU Usage: 89.0%
2024-06-13 00:28:32,980 - Sort Method: mpnn_10000.pkl, Array Size: 16, Number of Tests: 10000, CPU Usage: 2.1%, Memory Usage: 24.6%, GPU Usage: 89.0%
2024-06-13 00:28:35,010 - Sort Method: mpnn_10000.pkl, Array Size: 16, Number of Tests: 10000, CPU Usage: 2.5%, Memory Usage: 24.6%, GPU Usage: 89.0%
2024-06-13 00:28:37,038 - Sort Method: mpnn_10000.pkl, Array Size: 16, Number of Tests: 10000, CPU Usage: 1.9%, Memory Usage: 24.6%, GPU Usage: 90.0%
2024-06-13 00:28:39,068 - Sort Method: mpnn_10000.pkl, Array Size: 16, Number of Tests: 10000, CPU Usage: 1.9%, Memory Usage: 24.6%, GPU Usage: 89.0%
2024-06-13 00:28:41,099 - Sort Method: mpnn_10000.pkl, Array Size: 16, Number of Tests: 10000, CPU Usage: 2.8%, Memory Usage: 24.7%, GPU Usage: 88.0%
2024-06-13 00:28:43,128 - Sort Method: mpnn_10000.pkl, Array Size: 16, Number of Tests: 10000, CPU Usage: 2.2%, Memory Usage: 24.7%, GPU Usage: 90.0%
2024-06-13 00:28:45,157 - Sort Method: mpnn_10000.pkl, Array Size: 16, Number of Tests: 10000, CPU Usage: 2.6%, Memory Usage: 24.7%, GPU Usage: 90.0%
2024-06-13 00:28:47,185 - Sort Method: mpnn_10000.pkl, Array Size: 16, Number of Tests: 10000, CPU Usage: 3.9%, Memory Usage: 24.7%, GPU Usage: 89.0%
2024-06-13 00:28:49,212 - Sort Method: mpnn_10000.pkl, Array Size: 16, Number of Tests: 10000, CPU Usage: 4.7%, Memory Usage: 24.7%, GPU Usage: 88.0%
2024-06-13 00:28:51,241 - Sort Method: mpnn_10000.pkl, Array Size: 16, Number of Tests: 10000, CPU Usage: 2.2%, Memory Usage: 24.8%, GPU Usage: 90.0%
2024-06-13 00:28:53,269 - Sort Method: mpnn_10000.pkl, Array Size: 16, Number of Tests: 10000, CPU Usage: 3.0%, Memory Usage: 24.8%, GPU Usage: 88.0%
2024-06-13 00:28:55,299 - Sort Method: mpnn_10000.pkl, Array Size: 16, Number of Tests: 10000, CPU Usage: 3.0%, Memory Usage: 24.8%, GPU Usage: 90.0%
2024-06-13 00:28:57,328 - Sort Method: mpnn_10000.pkl, Array Size: 16, Number of Tests: 10000, CPU Usage: 2.1%, Memory Usage: 24.8%, GPU Usage: 89.0%
2024-06-13 00:28:59,356 - Sort Method: mpnn_10000.pkl, Array Size: 16, Number of Tests: 10000, CPU Usage: 2.2%, Memory Usage: 24.8%, GPU Usage: 89.0%
2024-06-13 00:29:01,386 - Sort Method: mpnn_10000.pkl, Array Size: 16, Number of Tests: 10000, CPU Usage: 2.5%, Memory Usage: 24.8%, GPU Usage: 90.0%
2024-06-13 00:29:03,414 - Sort Method: mpnn_10000.pkl, Array Size: 16, Number of Tests: 10000, CPU Usage: 2.1%, Memory Usage: 24.8%, GPU Usage: 89.0%
2024-06-13 00:29:05,441 - Sort Method: mpnn_10000.pkl, Array Size: 16, Number of Tests: 10000, CPU Usage: 2.3%, Memory Usage: 24.8%, GPU Usage: 88.0%
2024-06-13 00:29:07,470 - Sort Method: mpnn_10000.pkl, Array Size: 16, Number of Tests: 10000, CPU Usage: 1.1%, Memory Usage: 24.8%, GPU Usage: 0.0%
2024-06-13 00:29:07,471 - Média uso de CPU: 3.114285714285714%, Média uso de Memória: 24.65324675324675%, Média uso de GPU: 87.02597402597402%
2024-06-13 00:29:07,471 - -----Finishing Log, Elapsed Time: 154.573694 seconds-----
2024-06-13 00:29:08,906 - -----Starting Log-----
2024-06-13 00:29:09,928 - Sort Method: pgn_10000.pkl, Array Size: 16, Number of Tests: 10000, CPU Usage: 7.4%, Memory Usage: 24.9%, GPU Usage: 0.0%
2024-06-13 00:29:11,957 - Sort Method: pgn_10000.pkl, Array Size: 16, Number of Tests: 10000, CPU Usage: 2.2%, Memory Usage: 25.0%, GPU Usage: 90.0%
2024-06-13 00:29:13,986 - Sort Method: pgn_10000.pkl, Array Size: 16, Number of Tests: 10000, CPU Usage: 2.5%, Memory Usage: 25.0%, GPU Usage: 89.0%
2024-06-13 00:29:16,014 - Sort Method: pgn_10000.pkl, Array Size: 16, Number of Tests: 10000, CPU Usage: 2.9%, Memory Usage: 24.9%, GPU Usage: 88.0%
2024-06-13 00:29:18,046 - Sort Method: pgn_10000.pkl, Array Size: 16, Number of Tests: 10000, CPU Usage: 2.4%, Memory Usage: 25.0%, GPU Usage: 89.0%
2024-06-13 00:29:20,073 - Sort Method: pgn_10000.pkl, Array Size: 16, Number of Tests: 10000, CPU Usage: 4.1%, Memory Usage: 25.0%, GPU Usage: 88.0%
2024-06-13 00:29:22,102 - Sort Method: pgn_10000.pkl, Array Size: 16, Number of Tests: 10000, CPU Usage: 3.9%, Memory Usage: 24.8%, GPU Usage: 87.0%
2024-06-13 00:29:24,129 - Sort Method: pgn_10000.pkl, Array Size: 16, Number of Tests: 10000, CPU Usage: 2.4%, Memory Usage: 24.9%, GPU Usage: 90.0%
2024-06-13 00:29:26,157 - Sort Method: pgn_10000.pkl, Array Size: 16, Number of Tests: 10000, CPU Usage: 6.2%, Memory Usage: 24.6%, GPU Usage: 88.0%
2024-06-13 00:29:28,187 - Sort Method: pgn_10000.pkl, Array Size: 16, Number of Tests: 10000, CPU Usage: 6.7%, Memory Usage: 24.6%, GPU Usage: 89.0%
2024-06-13 00:29:30,214 - Sort Method: pgn_10000.pkl, Array Size: 16, Number of Tests: 10000, CPU Usage: 3.9%, Memory Usage: 24.6%, GPU Usage: 88.0%
2024-06-13 00:29:32,242 - Sort Method: pgn_10000.pkl, Array Size: 16, Number of Tests: 10000, CPU Usage: 7.0%, Memory Usage: 24.7%, GPU Usage: 89.0%
2024-06-13 00:29:34,270 - Sort Method: pgn_10000.pkl, Array Size: 16, Number of Tests: 10000, CPU Usage: 1.9%, Memory Usage: 24.6%, GPU Usage: 88.0%
2024-06-13 00:29:36,299 - Sort Method: pgn_10000.pkl, Array Size: 16, Number of Tests: 10000, CPU Usage: 3.3%, Memory Usage: 24.8%, GPU Usage: 88.0%
2024-06-13 00:29:38,326 - Sort Method: pgn_10000.pkl, Array Size: 16, Number of Tests: 10000, CPU Usage: 3.9%, Memory Usage: 24.9%, GPU Usage: 88.0%
2024-06-13 00:29:40,354 - Sort Method: pgn_10000.pkl, Array Size: 16, Number of Tests: 10000, CPU Usage: 3.2%, Memory Usage: 24.9%, GPU Usage: 89.0%
2024-06-13 00:29:42,386 - Sort Method: pgn_10000.pkl, Array Size: 16, Number of Tests: 10000, CPU Usage: 2.4%, Memory Usage: 24.9%, GPU Usage: 88.0%
2024-06-13 00:29:44,414 - Sort Method: pgn_10000.pkl, Array Size: 16, Number of Tests: 10000, CPU Usage: 3.5%, Memory Usage: 25.0%, GPU Usage: 88.0%
2024-06-13 00:29:46,442 - Sort Method: pgn_10000.pkl, Array Size: 16, Number of Tests: 10000, CPU Usage: 2.7%, Memory Usage: 25.1%, GPU Usage: 89.0%
2024-06-13 00:29:48,469 - Sort Method: pgn_10000.pkl, Array Size: 16, Number of Tests: 10000, CPU Usage: 2.6%, Memory Usage: 24.9%, GPU Usage: 88.0%
2024-06-13 00:29:50,500 - Sort Method: pgn_10000.pkl, Array Size: 16, Number of Tests: 10000, CPU Usage: 2.5%, Memory Usage: 24.9%, GPU Usage: 88.0%
2024-06-13 00:29:52,530 - Sort Method: pgn_10000.pkl, Array Size: 16, Number of Tests: 10000, CPU Usage: 3.7%, Memory Usage: 24.9%, GPU Usage: 87.0%
2024-06-13 00:29:54,558 - Sort Method: pgn_10000.pkl, Array Size: 16, Number of Tests: 10000, CPU Usage: 3.6%, Memory Usage: 24.9%, GPU Usage: 89.0%
2024-06-13 00:29:56,588 - Sort Method: pgn_10000.pkl, Array Size: 16, Number of Tests: 10000, CPU Usage: 2.8%, Memory Usage: 24.9%, GPU Usage: 88.0%
2024-06-13 00:29:58,617 - Sort Method: pgn_10000.pkl, Array Size: 16, Number of Tests: 10000, CPU Usage: 3.1%, Memory Usage: 25.0%, GPU Usage: 90.0%
2024-06-13 00:30:00,645 - Sort Method: pgn_10000.pkl, Array Size: 16, Number of Tests: 10000, CPU Usage: 2.6%, Memory Usage: 25.0%, GPU Usage: 89.0%
2024-06-13 00:30:02,673 - Sort Method: pgn_10000.pkl, Array Size: 16, Number of Tests: 10000, CPU Usage: 3.3%, Memory Usage: 25.0%, GPU Usage: 86.0%
2024-06-13 00:30:04,704 - Sort Method: pgn_10000.pkl, Array Size: 16, Number of Tests: 10000, CPU Usage: 4.5%, Memory Usage: 25.0%, GPU Usage: 88.0%
2024-06-13 00:30:06,733 - Sort Method: pgn_10000.pkl, Array Size: 16, Number of Tests: 10000, CPU Usage: 6.2%, Memory Usage: 25.0%, GPU Usage: 88.0%
2024-06-13 00:30:08,759 - Sort Method: pgn_10000.pkl, Array Size: 16, Number of Tests: 10000, CPU Usage: 5.1%, Memory Usage: 25.1%, GPU Usage: 88.0%
2024-06-13 00:30:10,789 - Sort Method: pgn_10000.pkl, Array Size: 16, Number of Tests: 10000, CPU Usage: 4.8%, Memory Usage: 25.1%, GPU Usage: 88.0%
2024-06-13 00:30:12,817 - Sort Method: pgn_10000.pkl, Array Size: 16, Number of Tests: 10000, CPU Usage: 3.5%, Memory Usage: 25.2%, GPU Usage: 88.0%
2024-06-13 00:30:14,845 - Sort Method: pgn_10000.pkl, Array Size: 16, Number of Tests: 10000, CPU Usage: 4.0%, Memory Usage: 25.2%, GPU Usage: 89.0%
2024-06-13 00:30:16,873 - Sort Method: pgn_10000.pkl, Array Size: 16, Number of Tests: 10000, CPU Usage: 5.0%, Memory Usage: 25.2%, GPU Usage: 87.0%
2024-06-13 00:30:18,901 - Sort Method: pgn_10000.pkl, Array Size: 16, Number of Tests: 10000, CPU Usage: 5.5%, Memory Usage: 25.1%, GPU Usage: 88.0%
2024-06-13 00:30:21,022 - Sort Method: pgn_10000.pkl, Array Size: 16, Number of Tests: 10000, CPU Usage: 4.9%, Memory Usage: 25.1%, GPU Usage: 88.0%
2024-06-13 00:30:23,050 - Sort Method: pgn_10000.pkl, Array Size: 16, Number of Tests: 10000, CPU Usage: 5.7%, Memory Usage: 25.2%, GPU Usage: 88.0%
2024-06-13 00:30:25,076 - Sort Method: pgn_10000.pkl, Array Size: 16, Number of Tests: 10000, CPU Usage: 3.2%, Memory Usage: 25.2%, GPU Usage: 88.0%
2024-06-13 00:30:27,105 - Sort Method: pgn_10000.pkl, Array Size: 16, Number of Tests: 10000, CPU Usage: 3.7%, Memory Usage: 25.2%, GPU Usage: 87.0%
2024-06-13 00:30:29,134 - Sort Method: pgn_10000.pkl, Array Size: 16, Number of Tests: 10000, CPU Usage: 6.2%, Memory Usage: 25.3%, GPU Usage: 88.0%
2024-06-13 00:30:31,163 - Sort Method: pgn_10000.pkl, Array Size: 16, Number of Tests: 10000, CPU Usage: 5.2%, Memory Usage: 25.2%, GPU Usage: 88.0%
2024-06-13 00:30:33,189 - Sort Method: pgn_10000.pkl, Array Size: 16, Number of Tests: 10000, CPU Usage: 5.7%, Memory Usage: 25.3%, GPU Usage: 87.0%
2024-06-13 00:30:35,216 - Sort Method: pgn_10000.pkl, Array Size: 16, Number of Tests: 10000, CPU Usage: 6.4%, Memory Usage: 25.4%, GPU Usage: 88.0%
2024-06-13 00:30:37,246 - Sort Method: pgn_10000.pkl, Array Size: 16, Number of Tests: 10000, CPU Usage: 3.4%, Memory Usage: 25.4%, GPU Usage: 89.0%
2024-06-13 00:30:39,274 - Sort Method: pgn_10000.pkl, Array Size: 16, Number of Tests: 10000, CPU Usage: 2.2%, Memory Usage: 25.2%, GPU Usage: 89.0%
2024-06-13 00:30:41,302 - Sort Method: pgn_10000.pkl, Array Size: 16, Number of Tests: 10000, CPU Usage: 2.3%, Memory Usage: 25.1%, GPU Usage: 89.0%
2024-06-13 00:30:43,334 - Sort Method: pgn_10000.pkl, Array Size: 16, Number of Tests: 10000, CPU Usage: 2.2%, Memory Usage: 25.1%, GPU Usage: 90.0%
2024-06-13 00:30:45,361 - Sort Method: pgn_10000.pkl, Array Size: 16, Number of Tests: 10000, CPU Usage: 2.7%, Memory Usage: 25.1%, GPU Usage: 87.0%
2024-06-13 00:30:47,389 - Sort Method: pgn_10000.pkl, Array Size: 16, Number of Tests: 10000, CPU Usage: 4.5%, Memory Usage: 25.1%, GPU Usage: 89.0%
2024-06-13 00:30:49,417 - Sort Method: pgn_10000.pkl, Array Size: 16, Number of Tests: 10000, CPU Usage: 2.2%, Memory Usage: 25.1%, GPU Usage: 89.0%
2024-06-13 00:30:51,449 - Sort Method: pgn_10000.pkl, Array Size: 16, Number of Tests: 10000, CPU Usage: 1.7%, Memory Usage: 25.1%, GPU Usage: 89.0%
2024-06-13 00:30:53,479 - Sort Method: pgn_10000.pkl, Array Size: 16, Number of Tests: 10000, CPU Usage: 1.9%, Memory Usage: 25.1%, GPU Usage: 88.0%
2024-06-13 00:30:55,506 - Sort Method: pgn_10000.pkl, Array Size: 16, Number of Tests: 10000, CPU Usage: 2.0%, Memory Usage: 25.1%, GPU Usage: 89.0%
2024-06-13 00:30:57,537 - Sort Method: pgn_10000.pkl, Array Size: 16, Number of Tests: 10000, CPU Usage: 2.1%, Memory Usage: 25.1%, GPU Usage: 89.0%
2024-06-13 00:30:59,565 - Sort Method: pgn_10000.pkl, Array Size: 16, Number of Tests: 10000, CPU Usage: 1.9%, Memory Usage: 25.1%, GPU Usage: 90.0%
2024-06-13 00:31:01,594 - Sort Method: pgn_10000.pkl, Array Size: 16, Number of Tests: 10000, CPU Usage: 2.6%, Memory Usage: 25.2%, GPU Usage: 88.0%
2024-06-13 00:31:03,620 - Sort Method: pgn_10000.pkl, Array Size: 16, Number of Tests: 10000, CPU Usage: 1.8%, Memory Usage: 25.2%, GPU Usage: 88.0%
2024-06-13 00:31:05,649 - Sort Method: pgn_10000.pkl, Array Size: 16, Number of Tests: 10000, CPU Usage: 2.4%, Memory Usage: 25.2%, GPU Usage: 89.0%
2024-06-13 00:31:07,678 - Sort Method: pgn_10000.pkl, Array Size: 16, Number of Tests: 10000, CPU Usage: 2.7%, Memory Usage: 25.1%, GPU Usage: 88.0%
2024-06-13 00:31:09,706 - Sort Method: pgn_10000.pkl, Array Size: 16, Number of Tests: 10000, CPU Usage: 3.4%, Memory Usage: 25.2%, GPU Usage: 89.0%
2024-06-13 00:31:11,733 - Sort Method: pgn_10000.pkl, Array Size: 16, Number of Tests: 10000, CPU Usage: 2.5%, Memory Usage: 25.2%, GPU Usage: 55.00000000000001%
2024-06-13 00:31:13,761 - Sort Method: pgn_10000.pkl, Array Size: 16, Number of Tests: 10000, CPU Usage: 2.0%, Memory Usage: 25.2%, GPU Usage: 89.0%
2024-06-13 00:31:15,790 - Sort Method: pgn_10000.pkl, Array Size: 16, Number of Tests: 10000, CPU Usage: 2.2%, Memory Usage: 25.2%, GPU Usage: 90.0%
2024-06-13 00:31:17,818 - Sort Method: pgn_10000.pkl, Array Size: 16, Number of Tests: 10000, CPU Usage: 1.9%, Memory Usage: 25.2%, GPU Usage: 89.0%
2024-06-13 00:31:19,848 - Sort Method: pgn_10000.pkl, Array Size: 16, Number of Tests: 10000, CPU Usage: 2.3%, Memory Usage: 25.2%, GPU Usage: 89.0%
2024-06-13 00:31:21,877 - Sort Method: pgn_10000.pkl, Array Size: 16, Number of Tests: 10000, CPU Usage: 1.9%, Memory Usage: 25.2%, GPU Usage: 90.0%
2024-06-13 00:31:23,906 - Sort Method: pgn_10000.pkl, Array Size: 16, Number of Tests: 10000, CPU Usage: 5.1%, Memory Usage: 25.2%, GPU Usage: 87.0%
